app/build/intermediates/manifest_merge_blame_file/debug/manifest-merger-blame-debug-report.txt
1<?xml version="1.0" encoding="utf-8"?>
2<manifest xmlns:android="http://schemas.android.com/apk/res/android"
3    package="com.project.android_kidstories"
4    android:versionCode="1"
5    android:versionName="1.0" >
6
7    <uses-sdk
8        android:minSdkVersion="21"
8-->src\main\AndroidManifest.xml
9        android:targetSdkVersion="29" />
9-->src\main\AndroidManifest.xml
10
11    <uses-permission android:name="android.permission.ACCESS_NETWORK_STATE" />
11-->src\main\AndroidManifest.xml:6:5-79
11-->src\main\AndroidManifest.xml:6:22-76
12    <uses-permission android:name="android.permission.READ_PHONE_STATE" />
12-->src\main\AndroidManifest.xml:7:5-75
12-->src\main\AndroidManifest.xml:7:22-72
13    <uses-permission android:name="android.permission.INTERNET" />
13-->src\main\AndroidManifest.xml:8:5-67
13-->src\main\AndroidManifest.xml:8:22-64
14
15    <application
15-->src\main\AndroidManifest.xml:10:5-63:19
16        android:name="com.project.android_kidstories.Utils.Common"
16-->src\main\AndroidManifest.xml:11:9-37
17        android:allowBackup="true"
17-->src\main\AndroidManifest.xml:12:9-35
18        android:appComponentFactory="androidx.core.app.CoreComponentFactory"
18-->[androidx.core:core:1.1.0] AndroidManifest.xml:24:18-86
19        android:debuggable="true"
20        android:fullBackupContent="true"
20-->src\main\AndroidManifest.xml:13:9-41
21        android:icon="@mipmap/ic_launcher"
21-->src\main\AndroidManifest.xml:14:9-43
22        android:label="@string/app_name"
22-->src\main\AndroidManifest.xml:15:9-41
23        android:networkSecurityConfig="@xml/network_security_config"
23-->src\main\AndroidManifest.xml:18:9-69
24        android:roundIcon="@mipmap/ic_launcher_round"
24-->src\main\AndroidManifest.xml:16:9-54
25        android:supportsRtl="true"
25-->src\main\AndroidManifest.xml:17:9-35
26        android:testOnly="true"
27        android:theme="@style/AppTheme" >
27-->src\main\AndroidManifest.xml:19:9-40
28        <activity android:name="com.project.android_kidstories.IgnoreForApiTest.TestActivity" />
28-->src\main\AndroidManifest.xml:20:9-76
28-->src\main\AndroidManifest.xml:20:19-64
29        <activity
29-->src\main\AndroidManifest.xml:21:9-24:55
30            android:name="com.project.android_kidstories.NightmodeActivity"
30-->src\main\AndroidManifest.xml:22:13-46
31            android:theme="@style/AppTheme" />
31-->src\main\AndroidManifest.xml:23:13-44
32        <activity
32-->src\main\AndroidManifest.xml:25:9-28:71
33            android:name="com.project.android_kidstories.Views.main.MainActivity"
33-->src\main\AndroidManifest.xml:26:13-52
34            android:label="@string/title_activity_the_main"
34-->src\main\AndroidManifest.xml:27:13-60
35            android:theme="@style/AppTheme.WhiteStatusBar" />
35-->src\main\AndroidManifest.xml:28:13-59
36        <activity
36-->src\main\AndroidManifest.xml:29:9-39:20
37            android:name="com.project.android_kidstories.SplashScreenActivity"
37-->src\main\AndroidManifest.xml:30:13-49
38            android:screenOrientation="portrait"
38-->src\main\AndroidManifest.xml:31:13-49
39            android:theme="@style/DefaultTheme" >
39-->src\main\AndroidManifest.xml:32:13-48
40            <intent-filter>
40-->src\main\AndroidManifest.xml:33:13-38:29
41                <action android:name="android.intent.action.MAIN" />
41-->src\main\AndroidManifest.xml:34:17-69
41-->src\main\AndroidManifest.xml:34:25-66
42                <action android:name="android.intent.action.VIEW" />
42-->src\main\AndroidManifest.xml:35:17-69
42-->src\main\AndroidManifest.xml:35:25-66
43
44                <category android:name="android.intent.category.LAUNCHER" />
44-->src\main\AndroidManifest.xml:37:17-77
44-->src\main\AndroidManifest.xml:37:27-74
45            </intent-filter>
46        </activity>
47        <activity android:name="com.project.android_kidstories.StoryListingActivity" /> <!-- Do not edit this theme -->
47-->src\main\AndroidManifest.xml:40:9-58
47-->src\main\AndroidManifest.xml:40:19-55
48        <activity android:name="com.project.android_kidstories.StoryDetailActivity" />
48-->src\main\AndroidManifest.xml:41:9-57
48-->src\main\AndroidManifest.xml:41:19-54
49        <activity android:name="com.project.android_kidstories.SingleStoryActivity" />
49-->src\main\AndroidManifest.xml:43:9-57
49-->src\main\AndroidManifest.xml:43:19-54
50        <activity
50-->src\main\AndroidManifest.xml:44:9-45:75
51            android:name="com.project.android_kidstories.RegisterActivity"
51-->src\main\AndroidManifest.xml:44:19-51
52            android:theme="@style/AppTheme.WhiteStatusBar" />
52-->src\main\AndroidManifest.xml:45:25-71
53        <activity android:name="com.project.android_kidstories.ProfileRegisterActivity" />
53-->src\main\AndroidManifest.xml:47:9-61
53-->src\main\AndroidManifest.xml:47:19-58
54        <activity android:name="com.project.android_kidstories.ProfileActivity" />
54-->src\main\AndroidManifest.xml:48:9-53
54-->src\main\AndroidManifest.xml:48:19-50
55        <activity android:name="com.project.android_kidstories.OnBoardingActivity" />
55-->src\main\AndroidManifest.xml:49:9-56
55-->src\main\AndroidManifest.xml:49:19-53
56        <activity
56-->src\main\AndroidManifest.xml:51:9-52:74
57            android:name="com.project.android_kidstories.LoginActivity"
57-->src\main\AndroidManifest.xml:51:19-48
58            android:theme="@style/AppTheme.WhiteStatusBar" />
58-->src\main\AndroidManifest.xml:52:25-71
59        <activity android:name="com.project.android_kidstories.BookMark" />
59-->src\main\AndroidManifest.xml:54:9-46
59-->src\main\AndroidManifest.xml:54:19-43
60        <activity android:name="com.project.android_kidstories.AddStoryActivity" />
60-->src\main\AndroidManifest.xml:55:9-54
60-->src\main\AndroidManifest.xml:55:19-51
61        <activity android:name="com.project.android_kidstories.AddStoriesContentActivity" />
61-->src\main\AndroidManifest.xml:57:9-63
61-->src\main\AndroidManifest.xml:57:19-60
62        <activity android:name="com.project.android_kidstories.Views.main.BaseActivity" />
62-->src\main\AndroidManifest.xml:58:9-61
62-->src\main\AndroidManifest.xml:58:19-58
63
64        <meta-data
64-->src\main\AndroidManifest.xml:60:9-62:55
65            android:name="com.facebook.sdk.ApplicationId"
65-->src\main\AndroidManifest.xml:61:13-58
66            android:value="@string/facebook_app_id" />
66-->src\main\AndroidManifest.xml:62:13-52
67
68        <activity
68-->[com.github.Flutterwave:rave-android:1.0.39] AndroidManifest.xml:15:9-18:52
69            android:name="com.flutterwave.raveandroid.RavePayActivity"
69-->[com.github.Flutterwave:rave-android:1.0.39] AndroidManifest.xml:16:13-71
70            android:label="@string/app_name"
70-->[com.github.Flutterwave:rave-android:1.0.39] AndroidManifest.xml:17:13-45
71            android:screenOrientation="portrait" />
71-->[com.github.Flutterwave:rave-android:1.0.39] AndroidManifest.xml:18:13-49
72        <activity
72-->[com.github.Flutterwave:rave-android:1.0.39] AndroidManifest.xml:19:9-21:52
73            android:name="com.flutterwave.raveandroid.VerificationActivity"
73-->[com.github.Flutterwave:rave-android:1.0.39] AndroidManifest.xml:20:13-76
74            android:screenOrientation="portrait" />
74-->[com.github.Flutterwave:rave-android:1.0.39] AndroidManifest.xml:21:13-49
75        <activity
75-->[com.facebook.android:facebook-common:5.8.0] AndroidManifest.xml:29:9-32:66
76            android:name="com.facebook.FacebookActivity"
76-->[com.facebook.android:facebook-common:5.8.0] AndroidManifest.xml:30:13-57
77            android:configChanges="keyboard|keyboardHidden|screenLayout|screenSize|orientation"
77-->[com.facebook.android:facebook-common:5.8.0] AndroidManifest.xml:31:13-96
78            android:theme="@style/com_facebook_activity_theme" />
78-->[com.facebook.android:facebook-common:5.8.0] AndroidManifest.xml:32:13-63
79        <activity android:name="com.facebook.CustomTabMainActivity" />
79-->[com.facebook.android:facebook-common:5.8.0] AndroidManifest.xml:33:9-71
79-->[com.facebook.android:facebook-common:5.8.0] AndroidManifest.xml:33:19-68
80        <activity android:name="com.facebook.CustomTabActivity" />
80-->[com.facebook.android:facebook-common:5.8.0] AndroidManifest.xml:34:9-67
80-->[com.facebook.android:facebook-common:5.8.0] AndroidManifest.xml:34:19-64
81
82        <service
82-->[androidx.room:room-runtime:2.1.0] AndroidManifest.xml:25:9-27:40
83            android:name="androidx.room.MultiInstanceInvalidationService"
83-->[androidx.room:room-runtime:2.1.0] AndroidManifest.xml:26:13-74
84            android:exported="false" />
84-->[androidx.room:room-runtime:2.1.0] AndroidManifest.xml:27:13-37
85
86        <activity
86-->[com.google.android.gms:play-services-auth:17.0.0] AndroidManifest.xml:23:9-27:75
87            android:name="com.google.android.gms.auth.api.signin.internal.SignInHubActivity"
87-->[com.google.android.gms:play-services-auth:17.0.0] AndroidManifest.xml:24:13-93
88            android:excludeFromRecents="true"
88-->[com.google.android.gms:play-services-auth:17.0.0] AndroidManifest.xml:25:13-46
89            android:exported="false"
89-->[com.google.android.gms:play-services-auth:17.0.0] AndroidManifest.xml:26:13-37
90            android:theme="@android:style/Theme.Translucent.NoTitleBar" />
90-->[com.google.android.gms:play-services-auth:17.0.0] AndroidManifest.xml:27:13-72
91        <!--
92            Service handling Google Sign-In user revocation. For apps that do not integrate with
93            Google Sign-In, this service will never be started.
94        -->
95        <service
95-->[com.google.android.gms:play-services-auth:17.0.0] AndroidManifest.xml:33:9-36:110
96            android:name="com.google.android.gms.auth.api.signin.RevocationBoundService"
96-->[com.google.android.gms:play-services-auth:17.0.0] AndroidManifest.xml:34:13-89
97            android:exported="true"
97-->[com.google.android.gms:play-services-auth:17.0.0] AndroidManifest.xml:35:13-36
98            android:permission="com.google.android.gms.auth.api.signin.permission.REVOCATION_NOTIFICATION" />
98-->[com.google.android.gms:play-services-auth:17.0.0] AndroidManifest.xml:36:13-107
99
100        <activity
100-->[com.google.android.gms:play-services-base:17.0.0] AndroidManifest.xml:23:9-26:75
101            android:name="com.google.android.gms.common.api.GoogleApiActivity"
101-->[com.google.android.gms:play-services-base:17.0.0] AndroidManifest.xml:24:13-79
102            android:exported="false"
102-->[com.google.android.gms:play-services-base:17.0.0] AndroidManifest.xml:25:13-37
103            android:theme="@android:style/Theme.Translucent.NoTitleBar" />
103-->[com.google.android.gms:play-services-base:17.0.0] AndroidManifest.xml:26:13-72
104
105        <meta-data
105-->[com.google.android.gms:play-services-basement:17.0.0] AndroidManifest.xml:23:9-25:69
106            android:name="com.google.android.gms.version"
106-->[com.google.android.gms:play-services-basement:17.0.0] AndroidManifest.xml:24:13-58
107            android:value="@integer/google_play_services_version" />
107-->[com.google.android.gms:play-services-basement:17.0.0] AndroidManifest.xml:25:13-66
108        <!--
109         The initialization ContentProvider will call FacebookSdk.sdkInitialize automatically
110         with the application context. This config is merged in with the host app's manifest,
111         but there can only be one provider with the same authority activated at any given
112         point; so if the end user has two or more different apps that use Facebook SDK, only the
113         first one will be able to use the provider. To work around this problem, we use the
114         following placeholder in the authority to identify each host application as if it was
115         a completely different provider.
116        -->
117        <provider
117-->[com.facebook.android:facebook-core:5.8.0] AndroidManifest.xml:39:9-42:40
118            android:name="com.facebook.internal.FacebookInitProvider"
118-->[com.facebook.android:facebook-core:5.8.0] AndroidManifest.xml:40:13-70
119            android:authorities="com.project.android_kidstories.FacebookInitProvider"
119-->[com.facebook.android:facebook-core:5.8.0] AndroidManifest.xml:41:13-72
120            android:exported="false" />
120-->[com.facebook.android:facebook-core:5.8.0] AndroidManifest.xml:42:13-37
121
122        <receiver
122-->[com.facebook.android:facebook-core:5.8.0] AndroidManifest.xml:44:9-50:20
123            android:name="com.facebook.CurrentAccessTokenExpirationBroadcastReceiver"
123-->[com.facebook.android:facebook-core:5.8.0] AndroidManifest.xml:45:13-86
124            android:exported="false" >
124-->[com.facebook.android:facebook-core:5.8.0] AndroidManifest.xml:46:13-37
125            <intent-filter>
125-->[com.facebook.android:facebook-core:5.8.0] AndroidManifest.xml:47:13-49:29
126                <action android:name="com.facebook.sdk.ACTION_CURRENT_ACCESS_TOKEN_CHANGED" />
126-->[com.facebook.android:facebook-core:5.8.0] AndroidManifest.xml:48:17-95
126-->[com.facebook.android:facebook-core:5.8.0] AndroidManifest.xml:48:25-92
127            </intent-filter>
128        </receiver>
129        <receiver
129-->[com.facebook.android:facebook-core:5.8.0] AndroidManifest.xml:51:9-58:20
130            android:name="com.facebook.CampaignTrackingReceiver"
130-->[com.facebook.android:facebook-core:5.8.0] AndroidManifest.xml:52:13-65
131            android:exported="true"
131-->[com.facebook.android:facebook-core:5.8.0] AndroidManifest.xml:53:13-36
132            android:permission="android.permission.INSTALL_PACKAGES" >
132-->[com.facebook.android:facebook-core:5.8.0] AndroidManifest.xml:54:13-69
133            <intent-filter>
133-->[com.facebook.android:facebook-core:5.8.0] AndroidManifest.xml:55:13-57:29
134                <action android:name="com.android.vending.INSTALL_REFERRER" />
134-->[com.facebook.android:facebook-core:5.8.0] AndroidManifest.xml:56:17-79
134-->[com.facebook.android:facebook-core:5.8.0] AndroidManifest.xml:56:25-76
135            </intent-filter>
136        </receiver>
137
138        <provider
138-->[androidx.lifecycle:lifecycle-process:2.1.0] AndroidManifest.xml:23:9-27:43
139            android:name="androidx.lifecycle.ProcessLifecycleOwnerInitializer"
139-->[androidx.lifecycle:lifecycle-process:2.1.0] AndroidManifest.xml:24:13-79
140            android:authorities="com.project.android_kidstories.lifecycle-process"
140-->[androidx.lifecycle:lifecycle-process:2.1.0] AndroidManifest.xml:25:13-69
141            android:exported="false"
141-->[androidx.lifecycle:lifecycle-process:2.1.0] AndroidManifest.xml:26:13-37
142            android:multiprocess="true" />
142-->[androidx.lifecycle:lifecycle-process:2.1.0] AndroidManifest.xml:27:13-40
143        <provider
143-->[com.squareup.picasso:picasso:2.71828] AndroidManifest.xml:8:9-11:40
144            android:name="com.squareup.picasso.PicassoProvider"
144-->[com.squareup.picasso:picasso:2.71828] AndroidManifest.xml:9:13-64
145            android:authorities="com.project.android_kidstories.com.squareup.picasso"
145-->[com.squareup.picasso:picasso:2.71828] AndroidManifest.xml:10:13-72
146            android:exported="false" />
146-->[com.squareup.picasso:picasso:2.71828] AndroidManifest.xml:11:13-37
147    </application>
148
149</manifest>